000 (203426.000.000) 07/18 13:57:36 Job submitted from host: <172.18.22.129:9618?addrs=172.18.22.129-9618&noUDP&sock=2035_6b51_3>
...
001 (203426.000.000) 07/18 13:57:51 Job executing on host: <192.168.8.234:9618?addrs=192.168.8.234-9618&noUDP&sock=729_9ca1_3>
...
006 (203426.000.000) 07/18 13:58:00 Image size of job updated: 5700964
	5562  -  MemoryUsage of job (MB)
	5694892  -  ResidentSetSize of job (KB)
...
006 (203426.000.000) 07/18 14:03:02 Image size of job updated: 7509760
	6066  -  MemoryUsage of job (MB)
	6211012  -  ResidentSetSize of job (KB)
...
006 (203426.000.000) 07/18 14:08:02 Image size of job updated: 7509916
	6066  -  MemoryUsage of job (MB)
	6211012  -  ResidentSetSize of job (KB)
...
006 (203426.000.000) 07/18 14:13:02 Image size of job updated: 7510048
	6066  -  MemoryUsage of job (MB)
	6211012  -  ResidentSetSize of job (KB)
...
006 (203426.000.000) 07/18 14:28:04 Image size of job updated: 7540620
	6095  -  MemoryUsage of job (MB)
	6240496  -  ResidentSetSize of job (KB)
...
006 (203426.000.000) 07/18 14:33:05 Image size of job updated: 7545620
	6097  -  MemoryUsage of job (MB)
	6243020  -  ResidentSetSize of job (KB)
...
006 (203426.000.000) 07/18 14:58:07 Image size of job updated: 7551652
	6097  -  MemoryUsage of job (MB)
	6243020  -  ResidentSetSize of job (KB)
...
006 (203426.000.000) 07/18 15:03:07 Image size of job updated: 7568600
	6097  -  MemoryUsage of job (MB)
	6243020  -  ResidentSetSize of job (KB)
...
006 (203426.000.000) 07/18 15:08:09 Image size of job updated: 7569884
	6097  -  MemoryUsage of job (MB)
	6243020  -  ResidentSetSize of job (KB)
...
006 (203426.000.000) 07/18 15:13:09 Image size of job updated: 7569932
	6097  -  MemoryUsage of job (MB)
	6243020  -  ResidentSetSize of job (KB)
...
006 (203426.000.000) 07/18 15:23:11 Image size of job updated: 7569932
	6138  -  MemoryUsage of job (MB)
	6284516  -  ResidentSetSize of job (KB)
...
006 (203426.000.000) 07/18 16:18:17 Image size of job updated: 7572392
	6138  -  MemoryUsage of job (MB)
	6284516  -  ResidentSetSize of job (KB)
...
006 (203426.000.000) 07/18 16:58:20 Image size of job updated: 7572392
	6138  -  MemoryUsage of job (MB)
	6284620  -  ResidentSetSize of job (KB)
...
006 (203426.000.000) 07/18 17:08:22 Image size of job updated: 7572484
	6138  -  MemoryUsage of job (MB)
	6284620  -  ResidentSetSize of job (KB)
...
006 (203426.000.000) 07/18 17:38:26 Image size of job updated: 7572484
	6138  -  MemoryUsage of job (MB)
	6284704  -  ResidentSetSize of job (KB)
...
006 (203426.000.000) 07/18 17:58:27 Image size of job updated: 7572484
	6139  -  MemoryUsage of job (MB)
	6285600  -  ResidentSetSize of job (KB)
...
006 (203426.000.000) 07/18 21:28:47 Image size of job updated: 7576252
	6139  -  MemoryUsage of job (MB)
	6285600  -  ResidentSetSize of job (KB)
...
006 (203426.000.000) 07/18 23:29:01 Image size of job updated: 7576252
	6139  -  MemoryUsage of job (MB)
	6285616  -  ResidentSetSize of job (KB)
...
006 (203426.000.000) 07/19 04:59:33 Image size of job updated: 7576252
	6139  -  MemoryUsage of job (MB)
	6285660  -  ResidentSetSize of job (KB)
...
005 (203426.000.000) 07/19 07:40:32 Job terminated.
	(1) Normal termination (return value 0)
		Usr 0 17:00:38, Sys 0 00:18:13  -  Run Remote Usage
		Usr 0 00:00:00, Sys 0 00:00:00  -  Run Local Usage
		Usr 0 17:00:38, Sys 0 00:18:13  -  Total Remote Usage
		Usr 0 00:00:00, Sys 0 00:00:00  -  Total Local Usage
	65222712  -  Run Bytes Sent By Job
	6427210  -  Run Bytes Received By Job
	65222712  -  Total Bytes Sent By Job
	6427210  -  Total Bytes Received By Job
	Partitionable Resources :     Usage  Request Allocated 
	   Cpus                 :      0.98        1         1 
	   Disk (KB)            : 612784     5500000   5790507 
	   Memory (MB)          :   6139        7600      7600 
...
